  GameStage.cpp
  Hero.cpp
  코드를 생성하고 있습니다.
  2 of 1000 functions ( 0.2%) were compiled, the rest were copied from previous compilation.
    0 functions were new in current compilation
    5 functions had inline decision re-evaluated but remain unchanged
  코드를 생성했습니다.
EndingStage.obj : warning LNK4020: 'c:\users\skagu\desktop\gameproject\gameproject\firstgame\release\vc141.pdb'의 형식 레코드가 손상되었습니다. 디버거에서 일부 기호와 형식에 액세스할 수 없습니다.
FirstStage.obj : warning LNK4020: 'c:\users\skagu\desktop\gameproject\gameproject\firstgame\release\vc141.pdb'의 형식 레코드가 손상되었습니다. 디버거에서 일부 기호와 형식에 액세스할 수 없습니다.
Hero.obj : warning LNK4020: 'c:\users\skagu\desktop\gameproject\gameproject\firstgame\release\vc141.pdb'의 형식 레코드가 손상되었습니다. 디버거에서 일부 기호와 형식에 액세스할 수 없습니다.
IntroStage.obj : warning LNK4020: 'c:\users\skagu\desktop\gameproject\gameproject\firstgame\release\vc141.pdb'의 형식 레코드가 손상되었습니다. 디버거에서 일부 기호와 형식에 액세스할 수 없습니다.
Item.obj : warning LNK4020: 'c:\users\skagu\desktop\gameproject\gameproject\firstgame\release\vc141.pdb'의 형식 레코드가 손상되었습니다. 디버거에서 일부 기호와 형식에 액세스할 수 없습니다.
LiterMonster.obj : warning LNK4020: 'c:\users\skagu\desktop\gameproject\gameproject\firstgame\release\vc141.pdb'의 형식 레코드가 손상되었습니다. 디버거에서 일부 기호와 형식에 액세스할 수 없습니다.
main_GameProject.obj : warning LNK4020: 'c:\users\skagu\desktop\gameproject\gameproject\firstgame\release\vc141.pdb'의 형식 레코드가 손상되었습니다. 디버거에서 일부 기호와 형식에 액세스할 수 없습니다.
GameStage.obj : warning LNK4020: 'c:\users\skagu\desktop\gameproject\gameproject\firstgame\release\vc141.pdb'의 형식 레코드가 손상되었습니다. 디버거에서 일부 기호와 형식에 액세스할 수 없습니다.
Missile.obj : warning LNK4020: 'c:\users\skagu\desktop\gameproject\gameproject\firstgame\release\vc141.pdb'의 형식 레코드가 손상되었습니다. 디버거에서 일부 기호와 형식에 액세스할 수 없습니다.
Monster.obj : warning LNK4020: 'c:\users\skagu\desktop\gameproject\gameproject\firstgame\release\vc141.pdb'의 형식 레코드가 손상되었습니다. 디버거에서 일부 기호와 형식에 액세스할 수 없습니다.
OldMonster.obj : warning LNK4020: 'c:\users\skagu\desktop\gameproject\gameproject\firstgame\release\vc141.pdb'의 형식 레코드가 손상되었습니다. 디버거에서 일부 기호와 형식에 액세스할 수 없습니다.
ProfMonster.obj : warning LNK4020: 'c:\users\skagu\desktop\gameproject\gameproject\firstgame\release\vc141.pdb'의 형식 레코드가 손상되었습니다. 디버거에서 일부 기호와 형식에 액세스할 수 없습니다.
SecondStage.obj : warning LNK4020: 'c:\users\skagu\desktop\gameproject\gameproject\firstgame\release\vc141.pdb'의 형식 레코드가 손상되었습니다. 디버거에서 일부 기호와 형식에 액세스할 수 없습니다.
SoundManager.obj : warning LNK4020: 'c:\users\skagu\desktop\gameproject\gameproject\firstgame\release\vc141.pdb'의 형식 레코드가 손상되었습니다. 디버거에서 일부 기호와 형식에 액세스할 수 없습니다.
TextureManager.obj : warning LNK4020: 'c:\users\skagu\desktop\gameproject\gameproject\firstgame\release\vc141.pdb'의 형식 레코드가 손상되었습니다. 디버거에서 일부 기호와 형식에 액세스할 수 없습니다.
ThirdStage.obj : warning LNK4020: 'c:\users\skagu\desktop\gameproject\gameproject\firstgame\release\vc141.pdb'의 형식 레코드가 손상되었습니다. 디버거에서 일부 기호와 형식에 액세스할 수 없습니다.
  FirstGame.vcxproj -> C:\Users\skagu\Desktop\GameProject\GameProject\Release\NewAge.exe
